_________________________________________________________________________________
Generated Quads for the program
  0 : t000	=	0
  1 : reverseBinaryN	=	t000
  2 : t001	=	t000
  3 : t002	=	0
  4 : binaryN	=	t002
  5 : t003	=	t002
  6 : param	_0
  7 : t004	=	call printStr, 1
  8 : param	_1
  9 : t005	=	call printStr, 1
 10 : t006	=	1
 11 : err	=	t006
 12 : t007	=	& err
 13 : param	t007
 14 : t008	=	call readInt, 1
 15 : N	=	t008
 16 : t009	=	t008
 17 : tempN	=	N
 18 : t010	=	N
 19 : t011	=	0
 20 : numofDigits	=	t011
 21 : t012	=	t011
 22 : t013	=	0
 23 : if  tempN !=t013	goto 26
 24 : goto 53
 25 : goto 53
 26 : t014	=	1
 27 : t015	=	numofDigits + t014
 28 : numofDigits	=	t015
 29 : t016	=	t015
 30 : t017	=	2
 31 : t018	=	tempN % t017
 32 : t019	=	1
 33 : if  t018 ==t019	goto 36
 34 : goto 43
 35 : goto 48
 36 : t020	=	10
 37 : t021	=	reverseBinaryN * t020
 38 : t022	=	1
 39 : t023	=	t021 + t022
 40 : reverseBinaryN	=	t023
 41 : t024	=	t023
 42 : goto 48
 43 : t025	=	10
 44 : t026	=	reverseBinaryN * t025
 45 : reverseBinaryN	=	t026
 46 : t027	=	t026
 47 : goto 48
 48 : t028	=	2
 49 : t029	=	tempN / t028
 50 : tempN	=	t029
 51 : t030	=	t029
 52 : goto 22
 53 : t031	=	0
 54 : if  reverseBinaryN !=t031	goto 57
 55 : goto 73
 56 : goto 73
 57 : t032	=	10
 58 : t033	=	binaryN * t032
 59 : t034	=	10
 60 : t035	=	reverseBinaryN % t034
 61 : t036	=	t033 + t035
 62 : binaryN	=	t036
 63 : t037	=	t036
 64 : t038	=	10
 65 : t039	=	reverseBinaryN / t038
 66 : reverseBinaryN	=	t039
 67 : t040	=	t039
 68 : t041	=	1
 69 : t042	=	numofDigits - t041
 70 : numofDigits	=	t042
 71 : t043	=	t042
 72 : goto 53
 73 : t044	=	0
 74 : if  numofDigits !=t044	goto 77
 75 : goto 86
 76 : goto 86
 77 : t045	=	1
 78 : t046	=	numofDigits - t045
 79 : numofDigits	=	t046
 80 : t047	=	t046
 81 : t048	=	10
 82 : t049	=	binaryN * t048
 83 : binaryN	=	t049
 84 : t050	=	t049
 85 : goto 73
 86 : param	_2
 87 : t051	=	call printStr, 1
 88 : param	binaryN
 89 : t052	=	call printInt, 1
 90 : param	_3
 91 : t053	=	call printStr, 1
 92 : param	_4
 93 : t054	=	call printStr, 1
 94 : t055	=	0
 95 : return	t055
_________________________________________________________________________________
Symbol table Maintained For the Given Program
____________________________________________ Global ____________________________________________
Offset = 0
Start Quad Index = 0
End Quad Index =  0
Name	Value	var_type	size	Offset	Type

printInt	null	func		0	-1	ptr-to-St( Global )Int
readInt	null	func		0	-1	ptr-to-St( Global )Int
printStr	null	func		0	-1	ptr-to-St( Global )Int
main	null	func		0	-1	ptr-to-St( main )Int

____________________________________________________________________________________________
_________________________________________________________________________________
____________________________________________ main ____________________________________________
Offset = -252
Start Quad Index = 0
End Quad Index =  95
Name	Value	var_type	size	Offset	Type

retVal	null	return		4	0	Int
N	null	local		4	-4	Int
binaryN	null	local		4	-8	Int
reverseBinaryN	null	local		4	-12	Int
tempN	null	local		4	-16	Int
numofDigits	null	local		4	-20	Int
t000	0	temp		4	-24	Int
t001	null	temp		4	-28	Int
t002	0	temp		4	-32	Int
t003	null	temp		4	-36	Int
t004	null	temp		4	-40	Int
t005	null	temp		4	-44	Int
err	1	local		4	-48	Int
t006	1	temp		4	-52	Int
t007	null	temp		8	-60	ptr(Int)
t008	null	temp		4	-64	Int
t009	null	temp		4	-68	Int
t010	null	temp		4	-72	Int
t011	0	temp		4	-76	Int
t012	null	temp		4	-80	Int
t013	0	temp		4	-84	Int
t014	1	temp		4	-88	Int
t015	null	temp		4	-92	Int
t016	null	temp		4	-96	Int
t017	2	temp		4	-100	Int
t018	null	temp		4	-104	Int
t019	1	temp		4	-108	Int
t020	10	temp		4	-112	Int
t021	null	temp		4	-116	Int
t022	1	temp		4	-120	Int
t023	null	temp		4	-124	Int
t024	null	temp		4	-128	Int
t025	10	temp		4	-132	Int
t026	null	temp		4	-136	Int
t027	null	temp		4	-140	Int
t028	2	temp		4	-144	Int
t029	null	temp		4	-148	Int
t030	null	temp		4	-152	Int
t031	0	temp		4	-156	Int
t032	10	temp		4	-160	Int
t033	null	temp		4	-164	Int
t034	10	temp		4	-168	Int
t035	null	temp		4	-172	Int
t036	null	temp		4	-176	Int
t037	null	temp		4	-180	Int
t038	10	temp		4	-184	Int
t039	null	temp		4	-188	Int
t040	null	temp		4	-192	Int
t041	1	temp		4	-196	Int
t042	null	temp		4	-200	Int
t043	null	temp		4	-204	Int
t044	0	temp		4	-208	Int
t045	1	temp		4	-212	Int
t046	null	temp		4	-216	Int
t047	null	temp		4	-220	Int
t048	10	temp		4	-224	Int
t049	null	temp		4	-228	Int
t050	null	temp		4	-232	Int
t051	null	temp		4	-236	Int
t052	null	temp		4	-240	Int
t053	null	temp		4	-244	Int
t054	null	temp		4	-248	Int
t055	0	temp		4	-252	Int

____________________________________________________________________________________________
