_________________________________________________________________________________
Generated Quads for the program
  0 : param	_0
  1 : t000	=	call printStr, 1
  2 : param	_1
  3 : t001	=	call printStr, 1
  4 : t002	=	1
  5 : err	=	t002
  6 : t003	=	& err
  7 : param	t003
  8 : t004	=	call readInt, 1
  9 : mass	=	t004
 10 : t005	=	t004
 11 : param	_2
 12 : t006	=	call printStr, 1
 13 : t007	=	& err
 14 : param	t007
 15 : t008	=	call readInt, 1
 16 : accelaration	=	t008
 17 : t009	=	t008
 18 : t010	=	mass * accelaration
 19 : force	=	t010
 20 : t011	=	t010
 21 : param	_3
 22 : t012	=	call printStr, 1
 23 : param	force
 24 : t013	=	call printInt, 1
 25 : param	_4
 26 : t014	=	call printStr, 1
 27 : param	_5
 28 : t015	=	call printStr, 1
 29 : t016	=	0
 30 : return	t016
_________________________________________________________________________________
Symbol table Maintained For the Given Program
____________________________________________ Global ____________________________________________
Offset = 0
Start Quad Index = 0
End Quad Index =  0
Name	Value	var_type	size	Offset	Type

printInt	null	func		0	-1	ptr-to-St( Global )Int
readInt	null	func		0	-1	ptr-to-St( Global )Int
printStr	null	func		0	-1	ptr-to-St( Global )Int
main	null	func		0	-1	ptr-to-St( main )Int

____________________________________________________________________________________________
_________________________________________________________________________________
____________________________________________ main ____________________________________________
Offset = -92
Start Quad Index = 0
End Quad Index =  30
Name	Value	var_type	size	Offset	Type

retVal	null	return		4	0	Int
force	null	local		4	-4	Int
mass	null	local		4	-8	Int
accelaration	null	local		4	-12	Int
t000	null	temp		4	-16	Int
t001	null	temp		4	-20	Int
err	1	local		4	-24	Int
t002	1	temp		4	-28	Int
t003	null	temp		8	-36	ptr(Int)
t004	null	temp		4	-40	Int
t005	null	temp		4	-44	Int
t006	null	temp		4	-48	Int
t007	null	temp		8	-56	ptr(Int)
t008	null	temp		4	-60	Int
t009	null	temp		4	-64	Int
t010	null	temp		4	-68	Int
t011	null	temp		4	-72	Int
t012	null	temp		4	-76	Int
t013	null	temp		4	-80	Int
t014	null	temp		4	-84	Int
t015	null	temp		4	-88	Int
t016	0	temp		4	-92	Int

____________________________________________________________________________________________
